<?xml version="1.0" encoding="UTF-8"?>
<!-- Generated by org.testng.reporters.JUnitReportReporter -->
<testsuite hostname="kundan" failures="0" tests="4" name="customerRegistration.ReadExcelFile" time="0.053" errors="0" timestamp="2021-02-25T13:21:23 IST" skipped="0">
  <testcase classname="customerRegistration.ReadExcelFile" name="displayData" time="0.006"/>
  <system-out/>
  <testcase classname="customerRegistration.ReadExcelFile" name="displayData" time="0.030"/>
  <system-out/>
  <testcase classname="customerRegistration.ReadExcelFile" name="displayData" time="0.008"/>
  <system-out/>
  <testcase classname="customerRegistration.ReadExcelFile" name="displayData" time="0.009"/>
  <system-out/>
</testsuite> <!-- customerRegistration.ReadExcelFile -->
