<?xml version="1.0" encoding="UTF-8"?>
<!-- Generated by org.testng.reporters.JUnitReportReporter -->
<testsuite hostname="kundan" failures="0" tests="1" name="workingWithTestNg.MandatoryHandson3" time="2.306" errors="0" timestamp="2021-02-08T09:48:59 IST" skipped="0">
  <testcase classname="workingWithTestNg.MandatoryHandson3" name="testMethodA" time="2.306"/>
  <system-out/>
</testsuite> <!-- workingWithTestNg.MandatoryHandson3 -->
