<?xml version="1.0" encoding="UTF-8"?>
<!-- Generated by org.testng.reporters.JUnitReportReporter -->
<testsuite hostname="kundan" failures="0" tests="1" name="Hackathon.MainProject" time="144.825" errors="0" timestamp="2021-03-02T16:02:39 IST" skipped="0">
  <testcase classname="Hackathon.MainProject" name="create" time="144.825"/>
  <system-out/>
</testsuite> <!-- Hackathon.MainProject -->
