<?xml version="1.0" encoding="UTF-8"?>
<!-- Generated by org.testng.reporters.JUnitReportReporter -->
<testsuite hostname="kundan" failures="0" tests="4" name="customerRegistration.TestInvalidForm" time="0.023" errors="0" timestamp="2021-02-28T13:54:45 IST" skipped="0">
  <testcase classname="customerRegistration.TestInvalidForm" name="testValid" time="0.014"/>
  <system-out/>
  <testcase classname="customerRegistration.TestInvalidForm" name="testValid" time="0.002"/>
  <system-out/>
  <testcase classname="customerRegistration.TestInvalidForm" name="testValid" time="0.002"/>
  <system-out/>
  <testcase classname="customerRegistration.TestInvalidForm" name="testValid" time="0.005"/>
  <system-out/>
</testsuite> <!-- customerRegistration.TestInvalidForm -->
